<?xml version="1.0" encoding="UTF-8"?>
<testsuite xmlns:xsi="http://www.w3.org/2001/XMLSchema-instance" xsi:noNamespaceSchemaLocation="https://maven.apache.org/surefire/maven-surefire-plugin/xsd/surefire-test-report-3.0.xsd" version="3.0" name="com.tamnd.tamdemo.TamdemoApplicationTests" time="2.695" tests="1" errors="0" skipped="0" failures="0">
  <properties>
[...]
</properties>
  <testcase name="contextLoads" classname="com.tamnd.tamdemo.TamdemoApplicationTests" time="0.821">
    <system-out><![CDATA[20:29:56.511 [main] INFO org.springframework.test.context.support.AnnotationConfigContextLoaderUtils -- Could not detect default configuration classes for test class [com.tamnd.tamdemo.TamdemoApplicationTests]: TamdemoApplicationTests does not declare any static, non-private, non-final, nested classes annotated with @Configuration.
20:29:56.619 [main] INFO org.springframework.boot.test.context.SpringBootTestContextBootstrapper -- Found @SpringBootConfiguration com.tamnd.tamdemo.TamdemoApplication for test class com.tamnd.tamdemo.TamdemoApplicationTests

  .   ____          _            __ _ _
 /\\ / ___'_ __ _ _(_)_ __  __ _ \ \ \ \
( ( )\___ | '_ | '_| | '_ \/ _` | \ \ \ \
 \\/  ___)| |_)| | | | | || (_| |  ) ) ) )
  '  |____| .__|_| |_|_| |_\__, | / / / /
 =========|_|==============|___/=/_/_/_/

 :: Spring Boot ::                (v3.3.4)

2024-10-22T20:29:57.031+07:00  INFO 6820 --- [tamdemo] [           main] c.tamnd.tamdemo.TamdemoApplicationTests  : Starting TamdemoApplicationTests using Java 17.0.12 with PID 6820 (started by tamgt in C:\Users\tamgt\1_Personal_Projects\tamdemo)
2024-10-22T20:29:57.033+07:00  INFO 6820 --- [tamdemo] [           main] c.tamnd.tamdemo.TamdemoApplicationTests  : No active profile set, falling back to 1 default profile: "default"
2024-10-22T20:29:58.196+07:00  INFO 6820 --- [tamdemo] [           main] c.tamnd.tamdemo.TamdemoApplicationTests  : Started TamdemoApplicationTests in 1.42 seconds (process running for 2.446)
]]></system-out>
  </testcase>
</testsuite>